TN:
SF:/Users/bluebirrrrd/src/deals-diagram/src/components/Deal.vue
FN:39,currentStatus
FN:53,emptyBeforeWidth
FN:57,progressWidth
FN:61,progressStyles
FNF:4
FNH:3
FNDA:24,currentStatus
FNDA:5,emptyBeforeWidth
FNDA:0,progressWidth
FNDA:5,progressStyles
DA:40,24
DA:42,24
DA:43,20
DA:44,20
DA:45,20
DA:46,0
DA:48,20
DA:49,19
DA:51,1
DA:54,5
DA:58,0
DA:62,5
DA:70,5
DA:71,0
DA:74,19
DA:75,0
DA:76,0
LF:17
LH:12
BRDA:42,0,0,4
BRDA:42,0,1,20
BRDA:43,1,0,0
BRDA:43,1,1,20
BRDA:44,2,0,0
BRDA:44,2,1,20
BRDA:45,3,0,0
BRDA:45,3,1,20
BRDA:45,4,0,20
BRDA:45,4,1,19
BRDA:48,5,0,19
BRDA:48,5,1,1
BRDA:48,6,0,20
BRDA:48,6,1,20
BRF:14
BRH:11
end_of_record
TN:
SF:/Users/bluebirrrrd/src/deals-diagram/src/data/deals.js
FNF:0
FNH:0
DA:1,1
LF:1
LH:1
BRF:0
BRH:0
end_of_record
TN:
SF:/Users/bluebirrrrd/src/deals-diagram/src/components/DealsDiagram.vue
FN:32,deals
FNF:1
FNH:1
FNDA:1,deals
DA:25,1
DA:33,1
DA:34,1
DA:38,1
DA:39,1
DA:43,2
DA:44,27
DA:45,27
DA:47,27
DA:48,5
DA:51,27
DA:52,4
DA:57,2
DA:58,2
DA:60,2
DA:62,2
DA:63,27
DA:64,27
DA:67,2
DA:68,2
DA:69,2
LF:21
LH:21
BRDA:47,0,0,5
BRDA:47,0,1,22
BRDA:51,1,0,4
BRDA:51,1,1,23
BRDA:60,2,0,0
BRDA:60,2,1,2
BRF:6
BRH:5
end_of_record
TN:
SF:/Users/bluebirrrrd/src/deals-diagram/src/App.vue
FN:22,(anonymous_0)
FNF:1
FNH:0
FNDA:0,(anonymous_0)
DA:17,0
DA:22,0
DA:23,0
LF:3
LH:0
BRF:0
BRH:0
end_of_record
